<?xml version="1.0" encoding="UTF-8"?>
<!-- Generated by org.testng.reporters.JUnitReportReporter -->
<testsuite hostname="LP-5CD112KH8H" failures="0" tests="2" name="com.sdet.junit.WebDriverManagerTest" time="26.214" errors="0" timestamp="2023-07-04T13:17:33 IST" skipped="0">
  <testcase classname="com.sdet.junit.WebDriverManagerTest" name="chrome" time="11.527"/>
  <system-out/>
  <testcase classname="com.sdet.junit.WebDriverManagerTest" name="edge" time="14.687"/>
  <system-out/>
</testsuite> <!-- com.sdet.junit.WebDriverManagerTest -->
