<?xml version="1.0" encoding="UTF-8"?>
<!-- Generated by org.testng.reporters.JUnitReportReporter -->
<testsuite hostname="LP-5CD112KH8H" failures="0" tests="1" name="com.sdet.junit.AmazonRegistration" time="22.961" errors="0" timestamp="2023-07-11T20:40:31 IST" skipped="0">
  <testcase classname="com.sdet.junit.AmazonRegistration" name="amazonRegistration" time="22.961"/>
  <system-out/>
</testsuite> <!-- com.sdet.junit.AmazonRegistration -->
